Downloading Chrome for Testing 145.0.7632.6 (playwright chromium v1208)[2m from https://cdn.playwright.dev/builds/cft/145.0.7632.6/win64/chrome-win64.zip[22m
|                                                                                |   0% of 172.8 MiB
|■■■■■■■■                                                                        |  10% of 172.8 MiB
|■■■■■■■■■■■■■■■■                                                                |  20% of 172.8 MiB
|■■■■■■■■■■■■■■■■■■■■■■■■                                                        |  30% of 172.8 MiB
|■■■■■■■■■■■■■■■■■■■■■■■■■■■■■■■■                                                |  40% of 172.8 MiB
|■■■■■■■■■■■■■■■■■■■■■■■■■■■■■■■■■■■■■■■■                                        |  50% of 172.8 MiB
|■■■■■■■■■■■■■■■■■■■■■■■■■■■■■■■■■■■■■■■■■■■■■■■■                                |  60% of 172.8 MiB
|■■■■■■■■■■■■■■■■■■■■■■■■■■■■■■■■■■■■■■■■■■■■■■■■■■■■■■■■                        |  70% of 172.8 MiB
|■■■■■■■■■■■■■■■■■■■■■■■■■■■■■■■■■■■■■■■■■■■■■■■■■■■■■■■■■■■■■■■■                |  80% of 172.8 MiB
|■■■■■■■■■■■■■■■■■■■■■■■■■■■■■■■■■■■■■■■■■■■■■■■■■■■■■■■■■■■■■■■■■■■■■■■■        |  90% of 172.8 MiB
|■■■■■■■■■■■■■■■■■■■■■■■■■■■■■■■■■■■■■■■■■■■■■■■■■■■■■■■■■■■■■■■■■■■■■■■■■■■■■■■■| 100% of 172.8 MiB
Chrome for Testing 145.0.7632.6 (playwright chromium v1208) downloaded to C:\Users\user\AppData\Local\ms-playwright\chromium-1208
Downloading Chrome Headless Shell 145.0.7632.6 (playwright chromium-headless-shell v1208)[2m from https://cdn.playwright.dev/builds/cft/145.0.7632.6/win64/chrome-headless-shell-win64.zip[22m
|                                                                                |   0% of 108.8 MiB
|■■■■■■■■                                                                        |  10% of 108.8 MiB
|■■■■■■■■■■■■■■■■                                                                |  20% of 108.8 MiB
|■■■■■■■■■■■■■■■■■■■■■■■■                                                        |  30% of 108.8 MiB
|■■■■■■■■■■■■■■■■■■■■■■■■■■■■■■■■                                                |  40% of 108.8 MiB
|■■■■■■■■■■■■■■■■■■■■■■■■■■■■■■■■■■■■■■■■                                        |  50% of 108.8 MiB
|■■■■■■■■■■■■■■■■■■■■■■■■■■■■■■■■■■■■■■■■■■■■■■■■                                |  60% of 108.8 MiB
|■■■■■■■■■■■■■■■■■■■■■■■■■■■■■■■■■■■■■■■■■■■■■■■■■■■■■■■■                        |  70% of 108.8 MiB
|■■■■■■■■■■■■■■■■■■■■■■■■■■■■■■■■■■■■■■■■■■■■■■■■■■■■■■■■■■■■■■■■                |  80% of 108.8 MiB
|■■■■■■■■■■■■■■■■■■■■■■■■■■■■■■■■■■■■■■■■■■■■■■■■■■■■■■■■■■■■■■■■■■■■■■■■        |  90% of 108.8 MiB
|■■■■■■■■■■■■■■■■■■■■■■■■■■■■■■■■■■■■■■■■■■■■■■■■■■■■■■■■■■■■■■■■■■■■■■■■■■■■■■■■| 100% of 108.8 MiB
Chrome Headless Shell 145.0.7632.6 (playwright chromium-headless-shell v1208) downloaded to C:\Users\user\AppData\Local\ms-playwright\chromium_headless_shell-1208
